<?xml version="1.0" encoding="UTF-8"?>
<!-- Generated by org.testng.reporters.JUnitReportReporter -->
<testsuite skipped="0" hostname="LAPTOP-NVQGF7OR" name="AppiumTest.com.appium.Dictionary.dictionaryAuto" tests="4" failures="0" timestamp="2021-08-15T20:33:02 IST" time="66.686" errors="0">
  <testcase name="setUp" time="12.421" classname="AppiumTest.com.appium.Dictionary.dictionaryAuto"/>
  <system-out/>
  <testcase name="appInteractions" time="3.753" classname="AppiumTest.com.appium.Dictionary.dictionaryAuto"/>
  <system-out/>
  <testcase name="scrollPage" time="44.427" classname="AppiumTest.com.appium.Dictionary.dictionaryAuto"/>
  <system-out/>
  <testcase name="runningInBackground" time="6.085" classname="AppiumTest.com.appium.Dictionary.dictionaryAuto"/>
  <system-out/>
</testsuite> <!-- AppiumTest.com.appium.Dictionary.dictionaryAuto -->
